<?xml version="1.0" encoding="UTF-8"?>
<!-- Generated by org.testng.reporters.JUnitReportReporter -->
<testsuite skipped="0" hostname="tp3vdiw10dev205" name="com.sc.testrunner.TestNGTestRunner" tests="3" failures="0" timestamp="29 Aug 2019 13:37:05 GMT" time="2669.543" errors="0">
  <testcase name="runFeatures" time="0.015" classname="com.sc.testrunner.TestNGTestRunner"/>
  <testcase name="runFeatures" time="0.000" classname="com.sc.testrunner.TestNGTestRunner"/>
  <testcase name="runFeatures" time="2669.528" classname="com.sc.testrunner.TestNGTestRunner"/>
</testsuite> <!-- com.sc.testrunner.TestNGTestRunner -->
